2020-03-07 18:02:03.073  INFO 236 --- [main] sblucenedemo.karl.KarlApplication        : Starting KarlApplication on jack-fan with PID 236 (D:\code\java\release\karl\target\classes started by 樊方华 in D:\code\java\release\karl)
2020-03-07 18:02:03.076  INFO 236 --- [main] sblucenedemo.karl.KarlApplication        : No active profile set, falling back to default profiles: default
2020-03-07 18:02:03.832  INFO 236 --- [main] o.s.b.w.embedded.tomcat.TomcatWebServer  : Tomcat initialized with port(s): 8080 (http)
2020-03-07 18:02:03.838  INFO 236 --- [main] o.apache.catalina.core.StandardService   : Starting service [Tomcat]
2020-03-07 18:02:03.838  INFO 236 --- [main] org.apache.catalina.core.StandardEngine  : Starting Servlet engine: [Apache Tomcat/9.0.31]
2020-03-07 18:02:03.895  INFO 236 --- [main] o.a.c.c.C.[Tomcat].[localhost].[/]       : Initializing Spring embedded WebApplicationContext
2020-03-07 18:02:03.895  INFO 236 --- [main] o.s.web.context.ContextLoader            : Root WebApplicationContext: initialization completed in 787 ms
2020-03-07 18:02:04.333  INFO 236 --- [main] o.s.s.concurrent.ThreadPoolTaskExecutor  : Initializing ExecutorService 'applicationTaskExecutor'
2020-03-07 18:02:04.469  WARN 236 --- [main] ion$DefaultTemplateResolverConfiguration : Cannot find template location: classpath:/templates/ (please add some templates or check your Thymeleaf configuration)
2020-03-07 18:02:04.553  INFO 236 --- [main] o.s.b.w.embedded.tomcat.TomcatWebServer  : Tomcat started on port(s): 8080 (http) with context path ''
2020-03-07 18:02:04.555  INFO 236 --- [main] sblucenedemo.karl.KarlApplication        : Started KarlApplication in 1.725 seconds (JVM running for 2.57)
2020-03-07 18:02:04.556  INFO 236 --- [main] s.karl.service.search.ILuceneService     : 同步索引数据！
2020-03-07 18:06:14.435  INFO 1032 --- [main] sblucenedemo.karl.KarlApplication        : Starting KarlApplication on jack-fan with PID 1032 (D:\code\java\release\karl\target\classes started by 樊方华 in D:\code\java\release\karl)
2020-03-07 18:06:14.437  INFO 1032 --- [main] sblucenedemo.karl.KarlApplication        : No active profile set, falling back to default profiles: default
2020-03-07 18:06:15.153  INFO 1032 --- [main] o.s.b.w.embedded.tomcat.TomcatWebServer  : Tomcat initialized with port(s): 8080 (http)
2020-03-07 18:06:15.158  INFO 1032 --- [main] o.apache.catalina.core.StandardService   : Starting service [Tomcat]
2020-03-07 18:06:15.158  INFO 1032 --- [main] org.apache.catalina.core.StandardEngine  : Starting Servlet engine: [Apache Tomcat/9.0.31]
2020-03-07 18:06:15.215  INFO 1032 --- [main] o.a.c.c.C.[Tomcat].[localhost].[/]       : Initializing Spring embedded WebApplicationContext
2020-03-07 18:06:15.216  INFO 1032 --- [main] o.s.web.context.ContextLoader            : Root WebApplicationContext: initialization completed in 751 ms
2020-03-07 18:06:15.652  INFO 1032 --- [main] o.s.s.concurrent.ThreadPoolTaskExecutor  : Initializing ExecutorService 'applicationTaskExecutor'
2020-03-07 18:06:15.718  WARN 1032 --- [main] ion$DefaultTemplateResolverConfiguration : Cannot find template location: classpath:/templates/ (please add some templates or check your Thymeleaf configuration)
2020-03-07 18:06:15.803  INFO 1032 --- [main] o.s.b.w.embedded.tomcat.TomcatWebServer  : Tomcat started on port(s): 8080 (http) with context path ''
2020-03-07 18:06:15.805  INFO 1032 --- [main] sblucenedemo.karl.KarlApplication        : Started KarlApplication in 1.609 seconds (JVM running for 2.415)
2020-03-07 18:06:15.805  INFO 1032 --- [main] s.karl.service.search.ILuceneService     : 同步索引数据！
2020-03-07 18:07:07.964  INFO 15684 --- [main] sblucenedemo.karl.KarlApplication        : Starting KarlApplication on jack-fan with PID 15684 (D:\code\java\release\karl\target\classes started by 樊方华 in D:\code\java\release\karl)
2020-03-07 18:07:07.967  INFO 15684 --- [main] sblucenedemo.karl.KarlApplication        : No active profile set, falling back to default profiles: default
2020-03-07 18:07:08.703  INFO 15684 --- [main] o.s.b.w.embedded.tomcat.TomcatWebServer  : Tomcat initialized with port(s): 8080 (http)
2020-03-07 18:07:08.709  INFO 15684 --- [main] o.apache.catalina.core.StandardService   : Starting service [Tomcat]
2020-03-07 18:07:08.709  INFO 15684 --- [main] org.apache.catalina.core.StandardEngine  : Starting Servlet engine: [Apache Tomcat/9.0.31]
2020-03-07 18:07:08.766  INFO 15684 --- [main] o.a.c.c.C.[Tomcat].[localhost].[/]       : Initializing Spring embedded WebApplicationContext
2020-03-07 18:07:08.766  INFO 15684 --- [main] o.s.web.context.ContextLoader            : Root WebApplicationContext: initialization completed in 772 ms
2020-03-07 18:07:09.272  INFO 15684 --- [main] o.s.s.concurrent.ThreadPoolTaskExecutor  : Initializing ExecutorService 'applicationTaskExecutor'
2020-03-07 18:07:09.338  WARN 15684 --- [main] ion$DefaultTemplateResolverConfiguration : Cannot find template location: classpath:/templates/ (please add some templates or check your Thymeleaf configuration)
2020-03-07 18:07:09.423  INFO 15684 --- [main] o.s.b.w.embedded.tomcat.TomcatWebServer  : Tomcat started on port(s): 8080 (http) with context path ''
2020-03-07 18:07:09.425  INFO 15684 --- [main] sblucenedemo.karl.KarlApplication        : Started KarlApplication in 1.7 seconds (JVM running for 2.534)
2020-03-07 18:07:09.426  INFO 15684 --- [main] s.karl.service.search.ILuceneService     : 同步索引数据！
2020-03-07 18:09:03.090  INFO 744 --- [main] sblucenedemo.karl.KarlApplication        : Starting KarlApplication on jack-fan with PID 744 (D:\code\java\release\karl\target\classes started by 樊方华 in D:\code\java\release\karl)
2020-03-07 18:09:03.093  INFO 744 --- [main] sblucenedemo.karl.KarlApplication        : No active profile set, falling back to default profiles: default
2020-03-07 18:09:03.802  INFO 744 --- [main] o.s.b.w.embedded.tomcat.TomcatWebServer  : Tomcat initialized with port(s): 8080 (http)
2020-03-07 18:09:03.808  INFO 744 --- [main] o.apache.catalina.core.StandardService   : Starting service [Tomcat]
2020-03-07 18:09:03.808  INFO 744 --- [main] org.apache.catalina.core.StandardEngine  : Starting Servlet engine: [Apache Tomcat/9.0.31]
2020-03-07 18:09:03.873  INFO 744 --- [main] o.a.c.c.C.[Tomcat].[localhost].[/]       : Initializing Spring embedded WebApplicationContext
2020-03-07 18:09:03.874  INFO 744 --- [main] o.s.web.context.ContextLoader            : Root WebApplicationContext: initialization completed in 754 ms
2020-03-07 18:09:04.377  INFO 744 --- [main] o.s.s.concurrent.ThreadPoolTaskExecutor  : Initializing ExecutorService 'applicationTaskExecutor'
2020-03-07 18:09:04.445  WARN 744 --- [main] ion$DefaultTemplateResolverConfiguration : Cannot find template location: classpath:/templates/ (please add some templates or check your Thymeleaf configuration)
2020-03-07 18:09:04.530  INFO 744 --- [main] o.s.b.w.embedded.tomcat.TomcatWebServer  : Tomcat started on port(s): 8080 (http) with context path ''
2020-03-07 18:09:04.532  INFO 744 --- [main] sblucenedemo.karl.KarlApplication        : Started KarlApplication in 1.695 seconds (JVM running for 2.553)
2020-03-07 18:09:04.533  INFO 744 --- [main] s.karl.service.search.ILuceneService     : 同步索引数据！
2020-03-07 18:09:47.596  INFO 15068 --- [main] sblucenedemo.karl.KarlApplication        : Starting KarlApplication on jack-fan with PID 15068 (D:\code\java\release\karl\target\classes started by 樊方华 in D:\code\java\release\karl)
2020-03-07 18:09:47.598  INFO 15068 --- [main] sblucenedemo.karl.KarlApplication        : No active profile set, falling back to default profiles: default
2020-03-07 18:09:48.283  INFO 15068 --- [main] o.s.b.w.embedded.tomcat.TomcatWebServer  : Tomcat initialized with port(s): 80809 (http)
2020-03-07 18:09:48.288  INFO 15068 --- [main] o.apache.catalina.core.StandardService   : Starting service [Tomcat]
2020-03-07 18:09:48.289  INFO 15068 --- [main] org.apache.catalina.core.StandardEngine  : Starting Servlet engine: [Apache Tomcat/9.0.31]
2020-03-07 18:09:48.345  INFO 15068 --- [main] o.a.c.c.C.[Tomcat].[localhost].[/]       : Initializing Spring embedded WebApplicationContext
2020-03-07 18:09:48.345  INFO 15068 --- [main] o.s.web.context.ContextLoader            : Root WebApplicationContext: initialization completed in 719 ms
2020-03-07 18:09:48.868  INFO 15068 --- [main] o.s.s.concurrent.ThreadPoolTaskExecutor  : Initializing ExecutorService 'applicationTaskExecutor'
2020-03-07 18:09:48.935  WARN 15068 --- [main] ion$DefaultTemplateResolverConfiguration : Cannot find template location: classpath:/templates/ (please add some templates or check your Thymeleaf configuration)
2020-03-07 18:09:49.014  INFO 15068 --- [main] o.apache.catalina.core.StandardService   : Stopping service [Tomcat]
2020-03-07 18:09:49.026  INFO 15068 --- [main] ConditionEvaluationReportLoggingListener : 

Error starting ApplicationContext. To display the conditions report re-run your application with 'debug' enabled.
2020-03-07 18:09:49.033 ERROR 15068 --- [main] o.s.boot.SpringApplication               : Application run failed

org.springframework.boot.web.server.WebServerException: Unable to start embedded Tomcat server
	at org.springframework.boot.web.embedded.tomcat.TomcatWebServer.start(TomcatWebServer.java:215) ~[spring-boot-2.2.5.RELEASE.jar:2.2.5.RELEASE]
	at org.springframework.boot.web.servlet.context.ServletWebServerApplicationContext.startWebServer(ServletWebServerApplicationContext.java:297) ~[spring-boot-2.2.5.RELEASE.jar:2.2.5.RELEASE]
	at org.springframework.boot.web.servlet.context.ServletWebServerApplicationContext.finishRefresh(ServletWebServerApplicationContext.java:163) ~[spring-boot-2.2.5.RELEASE.jar:2.2.5.RELEASE]
	at org.springframework.context.support.AbstractApplicationContext.refresh(AbstractApplicationContext.java:553) ~[spring-context-5.2.4.RELEASE.jar:5.2.4.RELEASE]
	at org.springframework.boot.web.servlet.context.ServletWebServerApplicationContext.refresh(ServletWebServerApplicationContext.java:141) ~[spring-boot-2.2.5.RELEASE.jar:2.2.5.RELEASE]
	at org.springframework.boot.SpringApplication.refresh(SpringApplication.java:747) [spring-boot-2.2.5.RELEASE.jar:2.2.5.RELEASE]
	at org.springframework.boot.SpringApplication.refreshContext(SpringApplication.java:397) [spring-boot-2.2.5.RELEASE.jar:2.2.5.RELEASE]
	at org.springframework.boot.SpringApplication.run(SpringApplication.java:315) [spring-boot-2.2.5.RELEASE.jar:2.2.5.RELEASE]
	at org.springframework.boot.SpringApplication.run(SpringApplication.java:1226) [spring-boot-2.2.5.RELEASE.jar:2.2.5.RELEASE]
	at org.springframework.boot.SpringApplication.run(SpringApplication.java:1215) [spring-boot-2.2.5.RELEASE.jar:2.2.5.RELEASE]
	at sblucenedemo.karl.KarlApplication.main(KarlApplication.java:13) [classes/:na]
Caused by: java.lang.IllegalArgumentException: standardService.connector.startFailed
	at org.apache.catalina.core.StandardService.addConnector(StandardService.java:231) ~[tomcat-embed-core-9.0.31.jar:9.0.31]
	at org.springframework.boot.web.embedded.tomcat.TomcatWebServer.addPreviouslyRemovedConnectors(TomcatWebServer.java:278) ~[spring-boot-2.2.5.RELEASE.jar:2.2.5.RELEASE]
	at org.springframework.boot.web.embedded.tomcat.TomcatWebServer.start(TomcatWebServer.java:197) ~[spring-boot-2.2.5.RELEASE.jar:2.2.5.RELEASE]
	... 10 common frames omitted
Caused by: org.apache.catalina.LifecycleException: Protocol handler start failed
	at org.apache.catalina.connector.Connector.startInternal(Connector.java:1038) ~[tomcat-embed-core-9.0.31.jar:9.0.31]
	at org.apache.catalina.util.LifecycleBase.start(LifecycleBase.java:183) ~[tomcat-embed-core-9.0.31.jar:9.0.31]
	at org.apache.catalina.core.StandardService.addConnector(StandardService.java:227) ~[tomcat-embed-core-9.0.31.jar:9.0.31]
	... 12 common frames omitted
Caused by: java.lang.IllegalArgumentException: port out of range:80809
	at java.net.InetSocketAddress.checkPort(InetSocketAddress.java:143) ~[na:1.8.0_191]
	at java.net.InetSocketAddress.<init>(InetSocketAddress.java:188) ~[na:1.8.0_191]
	at org.apache.tomcat.util.net.NioEndpoint.initServerSocket(NioEndpoint.java:228) ~[tomcat-embed-core-9.0.31.jar:9.0.31]
	at org.apache.tomcat.util.net.NioEndpoint.bind(NioEndpoint.java:212) ~[tomcat-embed-core-9.0.31.jar:9.0.31]
	at org.apache.tomcat.util.net.AbstractEndpoint.bindWithCleanup(AbstractEndpoint.java:1141) ~[tomcat-embed-core-9.0.31.jar:9.0.31]
	at org.apache.tomcat.util.net.AbstractEndpoint.start(AbstractEndpoint.java:1227) ~[tomcat-embed-core-9.0.31.jar:9.0.31]
	at org.apache.coyote.AbstractProtocol.start(AbstractProtocol.java:592) ~[tomcat-embed-core-9.0.31.jar:9.0.31]
	at org.apache.catalina.connector.Connector.startInternal(Connector.java:1035) ~[tomcat-embed-core-9.0.31.jar:9.0.31]
	... 14 common frames omitted

2020-03-07 18:09:49.035  INFO 15068 --- [main] o.s.s.concurrent.ThreadPoolTaskExecutor  : Shutting down ExecutorService 'applicationTaskExecutor'
2020-03-07 18:10:17.096  INFO 10324 --- [main] sblucenedemo.karl.KarlApplication        : Starting KarlApplication on jack-fan with PID 10324 (D:\code\java\release\karl\target\classes started by 樊方华 in D:\code\java\release\karl)
2020-03-07 18:10:17.099  INFO 10324 --- [main] sblucenedemo.karl.KarlApplication        : No active profile set, falling back to default profiles: default
2020-03-07 18:10:17.803  INFO 10324 --- [main] o.s.b.w.embedded.tomcat.TomcatWebServer  : Tomcat initialized with port(s): 30809 (http)
2020-03-07 18:10:17.809  INFO 10324 --- [main] o.apache.catalina.core.StandardService   : Starting service [Tomcat]
2020-03-07 18:10:17.809  INFO 10324 --- [main] org.apache.catalina.core.StandardEngine  : Starting Servlet engine: [Apache Tomcat/9.0.31]
2020-03-07 18:10:17.864  INFO 10324 --- [main] o.a.c.c.C.[Tomcat].[localhost].[/]       : Initializing Spring embedded WebApplicationContext
2020-03-07 18:10:17.864  INFO 10324 --- [main] o.s.web.context.ContextLoader            : Root WebApplicationContext: initialization completed in 736 ms
2020-03-07 18:10:18.314  INFO 10324 --- [main] o.s.s.concurrent.ThreadPoolTaskExecutor  : Initializing ExecutorService 'applicationTaskExecutor'
2020-03-07 18:10:18.447  WARN 10324 --- [main] ion$DefaultTemplateResolverConfiguration : Cannot find template location: classpath:/templates/ (please add some templates or check your Thymeleaf configuration)
2020-03-07 18:10:18.533  INFO 10324 --- [main] o.s.b.w.embedded.tomcat.TomcatWebServer  : Tomcat started on port(s): 30809 (http) with context path ''
2020-03-07 18:10:18.535  INFO 10324 --- [main] sblucenedemo.karl.KarlApplication        : Started KarlApplication in 1.693 seconds (JVM running for 2.526)
2020-03-07 18:10:18.536  INFO 10324 --- [main] s.karl.service.search.ILuceneService     : 同步索引数据！
2020-03-07 18:17:19.694  INFO 14304 --- [main] sblucenedemo.karl.KarlApplication        : Starting KarlApplication on jack-fan with PID 14304 (D:\code\java\release\karl\target\classes started by 樊方华 in D:\code\java\release\karl)
2020-03-07 18:17:19.697  INFO 14304 --- [main] sblucenedemo.karl.KarlApplication        : No active profile set, falling back to default profiles: default
2020-03-07 18:17:20.439  INFO 14304 --- [main] o.s.b.w.embedded.tomcat.TomcatWebServer  : Tomcat initialized with port(s): 40809 (http)
2020-03-07 18:17:20.445  INFO 14304 --- [main] o.apache.catalina.core.StandardService   : Starting service [Tomcat]
2020-03-07 18:17:20.446  INFO 14304 --- [main] org.apache.catalina.core.StandardEngine  : Starting Servlet engine: [Apache Tomcat/9.0.31]
2020-03-07 18:17:20.516  INFO 14304 --- [main] o.a.c.c.C.[Tomcat].[localhost].[/]       : Initializing Spring embedded WebApplicationContext
2020-03-07 18:17:20.516  INFO 14304 --- [main] o.s.web.context.ContextLoader            : Root WebApplicationContext: initialization completed in 785 ms
2020-03-07 18:17:21.178  INFO 14304 --- [main] o.s.s.concurrent.ThreadPoolTaskExecutor  : Initializing ExecutorService 'applicationTaskExecutor'
2020-03-07 18:17:21.263  WARN 14304 --- [main] ion$DefaultTemplateResolverConfiguration : Cannot find template location: classpath:/templates/ (please add some templates or check your Thymeleaf configuration)
2020-03-07 18:17:21.360  INFO 14304 --- [main] o.s.b.w.embedded.tomcat.TomcatWebServer  : Tomcat started on port(s): 40809 (http) with context path ''
2020-03-07 18:17:21.362  INFO 14304 --- [main] sblucenedemo.karl.KarlApplication        : Started KarlApplication in 1.961 seconds (JVM running for 3.162)
2020-03-07 18:17:21.363  INFO 14304 --- [main] s.karl.service.search.ILuceneService     : 同步索引数据！
2020-03-07 18:41:41.790  INFO 14304 --- [SpringContextShutdownHook] o.s.s.concurrent.ThreadPoolTaskExecutor  : Shutting down ExecutorService 'applicationTaskExecutor'
2020-03-07 18:41:47.386  INFO 18136 --- [main] sblucenedemo.karl.KarlApplication        : Starting KarlApplication on jack-fan with PID 18136 (D:\code\java\release\karl\target\classes started by 樊方华 in D:\code\java\release\karl)
2020-03-07 18:41:47.388  INFO 18136 --- [main] sblucenedemo.karl.KarlApplication        : No active profile set, falling back to default profiles: default
2020-03-07 18:41:48.080  INFO 18136 --- [main] o.s.b.w.embedded.tomcat.TomcatWebServer  : Tomcat initialized with port(s): 40809 (http)
2020-03-07 18:41:48.085  INFO 18136 --- [main] o.apache.catalina.core.StandardService   : Starting service [Tomcat]
2020-03-07 18:41:48.086  INFO 18136 --- [main] org.apache.catalina.core.StandardEngine  : Starting Servlet engine: [Apache Tomcat/9.0.31]
2020-03-07 18:41:48.149  INFO 18136 --- [main] o.a.c.c.C.[Tomcat].[localhost].[/]       : Initializing Spring embedded WebApplicationContext
2020-03-07 18:41:48.150  INFO 18136 --- [main] o.s.web.context.ContextLoader            : Root WebApplicationContext: initialization completed in 736 ms
2020-03-07 18:41:48.666  INFO 18136 --- [main] o.s.s.concurrent.ThreadPoolTaskExecutor  : Initializing ExecutorService 'applicationTaskExecutor'
2020-03-07 18:41:48.734  WARN 18136 --- [main] ion$DefaultTemplateResolverConfiguration : Cannot find template location: classpath:/templates/ (please add some templates or check your Thymeleaf configuration)
2020-03-07 18:41:48.820  INFO 18136 --- [main] o.s.b.w.embedded.tomcat.TomcatWebServer  : Tomcat started on port(s): 40809 (http) with context path ''
2020-03-07 18:41:48.822  INFO 18136 --- [main] sblucenedemo.karl.KarlApplication        : Started KarlApplication in 1.671 seconds (JVM running for 2.485)
2020-03-07 18:41:48.823  INFO 18136 --- [main] s.karl.service.search.ILuceneService     : 同步索引数据！
2020-03-07 18:43:46.791  INFO 15424 --- [main] sblucenedemo.karl.KarlApplication        : Starting KarlApplication on jack-fan with PID 15424 (D:\code\java\release\karl\target\classes started by 樊方华 in D:\code\java\release\karl)
2020-03-07 18:43:46.793  INFO 15424 --- [main] sblucenedemo.karl.KarlApplication        : No active profile set, falling back to default profiles: default
2020-03-07 18:43:47.552  INFO 15424 --- [main] o.s.b.w.embedded.tomcat.TomcatWebServer  : Tomcat initialized with port(s): 40809 (http)
2020-03-07 18:43:47.558  INFO 15424 --- [main] o.apache.catalina.core.StandardService   : Starting service [Tomcat]
2020-03-07 18:43:47.558  INFO 15424 --- [main] org.apache.catalina.core.StandardEngine  : Starting Servlet engine: [Apache Tomcat/9.0.31]
2020-03-07 18:43:47.614  INFO 15424 --- [main] o.a.c.c.C.[Tomcat].[localhost].[/]       : Initializing Spring embedded WebApplicationContext
2020-03-07 18:43:47.614  INFO 15424 --- [main] o.s.web.context.ContextLoader            : Root WebApplicationContext: initialization completed in 790 ms
2020-03-07 18:43:48.124  INFO 15424 --- [main] o.s.s.concurrent.ThreadPoolTaskExecutor  : Initializing ExecutorService 'applicationTaskExecutor'
2020-03-07 18:43:48.190  WARN 15424 --- [main] ion$DefaultTemplateResolverConfiguration : Cannot find template location: classpath:/templates/ (please add some templates or check your Thymeleaf configuration)
2020-03-07 18:43:48.274  INFO 15424 --- [main] o.s.b.w.embedded.tomcat.TomcatWebServer  : Tomcat started on port(s): 40809 (http) with context path ''
2020-03-07 18:43:48.276  INFO 15424 --- [main] sblucenedemo.karl.KarlApplication        : Started KarlApplication in 1.729 seconds (JVM running for 2.552)
2020-03-07 18:43:48.276  INFO 15424 --- [main] s.karl.service.search.ILuceneService     : 同步索引数据！
2020-03-07 22:14:58.408  INFO 2860 --- [main] sblucenedemo.karl.KarlApplication        : Starting KarlApplication on jack-fan with PID 2860 (D:\code\java\release\karl\target\classes started by 樊方华 in D:\code\java\release\karl)
2020-03-07 22:14:58.410  INFO 2860 --- [main] sblucenedemo.karl.KarlApplication        : No active profile set, falling back to default profiles: default
2020-03-07 22:14:59.240  INFO 2860 --- [main] o.s.b.w.embedded.tomcat.TomcatWebServer  : Tomcat initialized with port(s): 40809 (http)
2020-03-07 22:14:59.246  INFO 2860 --- [main] o.apache.catalina.core.StandardService   : Starting service [Tomcat]
2020-03-07 22:14:59.246  INFO 2860 --- [main] org.apache.catalina.core.StandardEngine  : Starting Servlet engine: [Apache Tomcat/9.0.31]
2020-03-07 22:14:59.305  INFO 2860 --- [main] o.a.c.c.C.[Tomcat].[localhost].[/]       : Initializing Spring embedded WebApplicationContext
2020-03-07 22:14:59.306  INFO 2860 --- [main] o.s.web.context.ContextLoader            : Root WebApplicationContext: initialization completed in 863 ms
2020-03-07 22:14:59.904  INFO 2860 --- [main] o.s.s.concurrent.ThreadPoolTaskExecutor  : Initializing ExecutorService 'applicationTaskExecutor'
2020-03-07 22:14:59.984  WARN 2860 --- [main] ion$DefaultTemplateResolverConfiguration : Cannot find template location: classpath:/templates/ (please add some templates or check your Thymeleaf configuration)
2020-03-07 22:15:00.087  INFO 2860 --- [main] o.s.b.w.embedded.tomcat.TomcatWebServer  : Tomcat started on port(s): 40809 (http) with context path ''
2020-03-07 22:15:00.090  INFO 2860 --- [main] sblucenedemo.karl.KarlApplication        : Started KarlApplication in 1.97 seconds (JVM running for 2.897)
2020-03-07 22:15:00.091  INFO 2860 --- [main] s.karl.service.search.ILuceneService     : 同步索引数据！
